\BOOKMARK [-1][-]{part.1}{I Probability}{}% 1
\BOOKMARK [0][-]{chapter.1}{Probability Theory}{part.1}% 2
\BOOKMARK [1][-]{section.1.1}{Probability Spaces}{chapter.1}% 3
\BOOKMARK [1][-]{section.1.2}{Properties of Probability Spaces}{chapter.1}% 4
\BOOKMARK [2][-]{subsection.1.2.1}{The Union Bound}{section.1.2}% 5
\BOOKMARK [2][-]{subsection.1.2.2}{Conditional Probability}{section.1.2}% 6
\BOOKMARK [2][-]{subsection.1.2.3}{Law of Total Probability}{section.1.2}% 7
\BOOKMARK [2][-]{subsection.1.2.4}{Independence}{section.1.2}% 8
\BOOKMARK [0][-]{chapter.2}{Random Variables}{part.1}% 9
\BOOKMARK [1][-]{section.2.1}{Probability Mass Function}{chapter.2}% 10
\BOOKMARK [1][-]{section.2.2}{Bernoulli, Binomial, and Geometric RVs}{chapter.2}% 11
\BOOKMARK [1][-]{section.2.3}{Functions of Random Variables}{chapter.2}% 12
\BOOKMARK [1][-]{section.2.4}{Conditioning}{chapter.2}% 13
\BOOKMARK [1][-]{section.2.5}{Independence}{chapter.2}% 14
\BOOKMARK [0][-]{chapter.3}{Expectation}{part.1}% 15
\BOOKMARK [1][-]{section.3.1}{Definitions}{chapter.3}% 16
\BOOKMARK [1][-]{section.3.2}{Markov's Inequality}{chapter.3}% 17
\BOOKMARK [1][-]{section.3.3}{Composing Expectations}{chapter.3}% 18
\BOOKMARK [1][-]{section.3.4}{Linearity of Expectations}{chapter.3}% 19
\BOOKMARK [1][-]{section.3.5}{Conditional Expectation}{chapter.3}% 20
\BOOKMARK [-1][-]{part.2}{II Graph Contraction and Applications}{}% 21
\BOOKMARK [0][-]{chapter.4}{Introduction}{part.2}% 22
\BOOKMARK [1][-]{section.4.1}{Preliminaries}{chapter.4}% 23
\BOOKMARK [1][-]{section.4.2}{Graph Contraction}{chapter.4}% 24
\BOOKMARK [0][-]{chapter.5}{Edge Contraction}{part.2}% 25
\BOOKMARK [1][-]{section.5.1}{Edge Partition}{chapter.5}% 26
\BOOKMARK [2][-]{subsection.5.1.1}{Analysis of Parallel Edge Partition}{section.5.1}% 27
\BOOKMARK [1][-]{section.5.2}{Edge Contraction}{chapter.5}% 28
\BOOKMARK [0][-]{chapter.6}{Star Contraction}{part.2}% 29
\BOOKMARK [1][-]{section.6.1}{Star Partition}{chapter.6}% 30
\BOOKMARK [2][-]{subsection.6.1.1}{Analysis of Star Partition}{section.6.1}% 31
\BOOKMARK [1][-]{section.6.2}{Star Contraction}{chapter.6}% 32
\BOOKMARK [0][-]{chapter.7}{Graph Connectivity}{part.2}% 33
\BOOKMARK [1][-]{section.7.1}{Preliminaries}{chapter.7}% 34
\BOOKMARK [1][-]{section.7.2}{Algorithms for Connectivity}{chapter.7}% 35
