This is pdfTeX, Version 3.14159265-2.6-1.40.18 (TeX Live 2017) (preloaded format=pdflatex 2017.5.23)  15 AUG 2019 15:03
entering extended mode
 restricted \write18 enabled.
 %&-line parsing enabled.
**\input{book}
(./book.tex (/usr/local/texlive/2017/texmf-dist/tex/latex/base/book.cls
Document Class: book 2014/09/29 v1.4h Standard LaTeX document class
(/usr/local/texlive/2017/texmf-dist/tex/latex/base/bk10.clo
File: bk10.clo 2014/09/29 v1.4h Standard LaTeX file (size option)
)
\c@part=\count79
\c@chapter=\count80
\c@section=\count81
\c@subsection=\count82
\c@subsubsection=\count83
\c@paragraph=\count84
\c@subparagraph=\count85
\c@figure=\count86
\c@table=\count87
\abovecaptionskip=\skip41
\belowcaptionskip=\skip42
\bibindent=\dimen102
)
(./templates/packages.sty
(/usr/local/texlive/2017/texmf-dist/tex/latex/psnfss/palatino.sty
Package: palatino 2005/04/12 PSNFSS-v9.2a (SPQR) 
)
(/usr/local/texlive/2017/texmf-dist/tex/latex/graphics/graphicx.sty
Package: graphicx 2014/10/28 v1.0g Enhanced LaTeX Graphics (DPC,SPQR)

(/usr/local/texlive/2017/texmf-dist/tex/latex/graphics/keyval.sty
Package: keyval 2014/10/28 v1.15 key=value parser (DPC)
\KV@toks@=\toks14
)
(/usr/local/texlive/2017/texmf-dist/tex/latex/graphics/graphics.sty
Package: graphics 2017/04/14 v1.1b Standard LaTeX Graphics (DPC,SPQR)

(/usr/local/texlive/2017/texmf-dist/tex/latex/graphics/trig.sty
Package: trig 2016/01/03 v1.10 sin cos tan (DPC)
)
(/usr/local/texlive/2017/texmf-dist/tex/latex/graphics-cfg/graphics.cfg
File: graphics.cfg 2016/06/04 v1.11 sample graphics configuration
)
Package graphics Info: Driver file: pdftex.def on input line 99.

(/usr/local/texlive/2017/texmf-dist/tex/latex/graphics-def/pdftex.def
File: pdftex.def 2017/01/12 v0.06k Graphics/color for pdfTeX

(/usr/local/texlive/2017/texmf-dist/tex/generic/oberdiek/infwarerr.sty
Package: infwarerr 2016/05/16 v1.4 Providing info/warning/error messages (HO)
)
(/usr/local/texlive/2017/texmf-dist/tex/generic/oberdiek/ltxcmds.sty
Package: ltxcmds 2016/05/16 v1.23 LaTeX kernel commands for general use (HO)
)
\Gread@gobject=\count88
))
\Gin@req@height=\dimen103
\Gin@req@width=\dimen104
)
(/usr/local/texlive/2017/texmf-dist/tex/latex/multirow/multirow.sty
Package: multirow 2016/11/25 v2.2 Span multiple rows of a table
\multirow@colwidth=\skip43
\multirow@cntb=\count89
\multirow@dima=\skip44
\bigstrutjot=\dimen105
)
(/usr/local/texlive/2017/texmf-dist/tex/latex/booktabs/booktabs.sty
Package: booktabs 2016/04/27 v1.618033 publication quality tables
\heavyrulewidth=\dimen106
\lightrulewidth=\dimen107
\cmidrulewidth=\dimen108
\belowrulesep=\dimen109
\belowbottomsep=\dimen110
\aboverulesep=\dimen111
\abovetopsep=\dimen112
\cmidrulesep=\dimen113
\cmidrulekern=\dimen114
\defaultaddspace=\dimen115
\@cmidla=\count90
\@cmidlb=\count91
\@aboverulesep=\dimen116
\@belowrulesep=\dimen117
\@thisruleclass=\count92
\@lastruleclass=\count93
\@thisrulewidth=\dimen118
)
(/usr/local/texlive/2017/texmf-dist/tex/latex/colortbl/colortbl.sty
Package: colortbl 2012/02/13 v1.0a Color table columns (DPC)

(/usr/local/texlive/2017/texmf-dist/tex/latex/tools/array.sty
Package: array 2016/10/06 v2.4d Tabular extension package (FMi)
\col@sep=\dimen119
\extrarowheight=\dimen120
\NC@list=\toks15
\extratabsurround=\skip45
\backup@length=\skip46
)
(/usr/local/texlive/2017/texmf-dist/tex/latex/graphics/color.sty
Package: color 2016/07/10 v1.1e Standard LaTeX Color (DPC)

(/usr/local/texlive/2017/texmf-dist/tex/latex/graphics-cfg/color.cfg
File: color.cfg 2016/01/02 v1.6 sample color configuration
)
Package color Info: Driver file: pdftex.def on input line 147.
)
\everycr=\toks16
\minrowclearance=\skip47
)
(/usr/local/texlive/2017/texmf-dist/tex/latex/xcolor/xcolor.sty
Package: xcolor 2016/05/11 v2.12 LaTeX color extensions (UK)

(/usr/local/texlive/2017/texmf-dist/tex/latex/graphics-cfg/color.cfg
File: color.cfg 2016/01/02 v1.6 sample color configuration
)
Package xcolor Info: Package option `usenames' ignored on input line 216.
Package xcolor Info: Driver file: pdftex.def on input line 225.
LaTeX Info: Redefining \color on input line 709.
Package xcolor Info: Model `cmy' substituted by `cmy0' on input line 1348.
Package xcolor Info: Model `hsb' substituted by `rgb' on input line 1352.
Package xcolor Info: Model `RGB' extended on input line 1364.
Package xcolor Info: Model `HTML' substituted by `rgb' on input line 1366.
Package xcolor Info: Model `Hsb' substituted by `hsb' on input line 1367.
Package xcolor Info: Model `tHsb' substituted by `hsb' on input line 1368.
Package xcolor Info: Model `HSB' substituted by `hsb' on input line 1369.
Package xcolor Info: Model `Gray' substituted by `gray' on input line 1370.
Package xcolor Info: Model `wave' substituted by `hsb' on input line 1371.

(/usr/local/texlive/2017/texmf-dist/tex/latex/graphics/dvipsnam.def
File: dvipsnam.def 2016/06/17 v3.0m Driver-dependent file (DPC,SPQR)
))
(/usr/local/texlive/2017/texmf-dist/tex/latex/tools/verbatim.sty
Package: verbatim 2014/10/28 v1.5q LaTeX2e package for verbatim enhancements
\every@verbatim=\toks17
\verbatim@line=\toks18
\verbatim@in@stream=\read1
)
(/usr/local/texlive/2017/texmf-dist/tex/latex/environ/environ.sty
Package: environ 2014/05/04 v0.3 A new way to define environments

(/usr/local/texlive/2017/texmf-dist/tex/latex/trimspaces/trimspaces.sty
Package: trimspaces 2009/09/17 v1.1 Trim spaces around a token list
)
\@envbody=\toks19
)
(/usr/local/texlive/2017/texmf-dist/tex/latex/base/ifthen.sty
Package: ifthen 2014/09/29 v1.1c Standard LaTeX ifthen package (DPC)
)
(/usr/local/texlive/2017/texmf-dist/tex/latex/amsfonts/amssymb.sty
Package: amssymb 2013/01/14 v3.01 AMS font symbols

(/usr/local/texlive/2017/texmf-dist/tex/latex/amsfonts/amsfonts.sty
Package: amsfonts 2013/01/14 v3.01 Basic AMSFonts support
\@emptytoks=\toks20
\symAMSa=\mathgroup4
\symAMSb=\mathgroup5
LaTeX Font Info:    Overwriting math alphabet `\mathfrak' in version `bold'
(Font)                  U/euf/m/n --> U/euf/b/n on input line 106.
))
(/usr/local/texlive/2017/texmf-dist/tex/latex/amsmath/amsmath.sty
Package: amsmath 2016/11/05 v2.16a AMS math features
\@mathmargin=\skip48

For additional information on amsmath, use the `?' option.
(/usr/local/texlive/2017/texmf-dist/tex/latex/amsmath/amstext.sty
Package: amstext 2000/06/29 v2.01 AMS text

(/usr/local/texlive/2017/texmf-dist/tex/latex/amsmath/amsgen.sty
File: amsgen.sty 1999/11/30 v2.0 generic functions
\@emptytoks=\toks21
\ex@=\dimen121
))
(/usr/local/texlive/2017/texmf-dist/tex/latex/amsmath/amsbsy.sty
Package: amsbsy 1999/11/29 v1.2d Bold Symbols
\pmbraise@=\dimen122
)
(/usr/local/texlive/2017/texmf-dist/tex/latex/amsmath/amsopn.sty
Package: amsopn 2016/03/08 v2.02 operator names
)
\inf@bad=\count94
LaTeX Info: Redefining \frac on input line 213.
\uproot@=\count95
\leftroot@=\count96
LaTeX Info: Redefining \overline on input line 375.
\classnum@=\count97
\DOTSCASE@=\count98
LaTeX Info: Redefining \ldots on input line 472.
LaTeX Info: Redefining \dots on input line 475.
LaTeX Info: Redefining \cdots on input line 596.
\Mathstrutbox@=\box26
\strutbox@=\box27
\big@size=\dimen123
LaTeX Font Info:    Redeclaring font encoding OML on input line 712.
LaTeX Font Info:    Redeclaring font encoding OMS on input line 713.
\macc@depth=\count99
\c@MaxMatrixCols=\count100
\dotsspace@=\muskip10
\c@parentequation=\count101
\dspbrk@lvl=\count102
\tag@help=\toks22
\row@=\count103
\column@=\count104
\maxfields@=\count105
\andhelp@=\toks23
\eqnshift@=\dimen124
\alignsep@=\dimen125
\tagshift@=\dimen126
\tagwidth@=\dimen127
\totwidth@=\dimen128
\lineht@=\dimen129
\@envbody=\toks24
\multlinegap=\skip49
\multlinetaggap=\skip50
\mathdisplay@stack=\toks25
LaTeX Info: Redefining \[ on input line 2817.
LaTeX Info: Redefining \] on input line 2818.
)
(/usr/local/texlive/2017/texmf-dist/tex/latex/amscls/amsthm.sty
Package: amsthm 2015/03/04 v2.20.2
\thm@style=\toks26
\thm@bodyfont=\toks27
\thm@headfont=\toks28
\thm@notefont=\toks29
\thm@headpunct=\toks30
\thm@preskip=\skip51
\thm@postskip=\skip52
\thm@headsep=\skip53
\dth@everypar=\toks31
)
(/usr/local/texlive/2017/texmf-dist/tex/latex/mathtools/mathtools.sty
Package: mathtools 2015/11/12 v1.18 mathematical typesetting tools

(/usr/local/texlive/2017/texmf-dist/tex/latex/tools/calc.sty
Package: calc 2014/10/28 v4.3 Infix arithmetic (KKT,FJ)
\calc@Acount=\count106
\calc@Bcount=\count107
\calc@Adimen=\dimen130
\calc@Bdimen=\dimen131
\calc@Askip=\skip54
\calc@Bskip=\skip55
LaTeX Info: Redefining \setlength on input line 80.
LaTeX Info: Redefining \addtolength on input line 81.
\calc@Ccount=\count108
\calc@Cskip=\skip56
)
(/usr/local/texlive/2017/texmf-dist/tex/latex/mathtools/mhsetup.sty
Package: mhsetup 2010/01/21 v1.2a programming setup (MH)
)
LaTeX Info: Thecontrolsequence`\('isalreadyrobust on input line 129.
LaTeX Info: Thecontrolsequence`\)'isalreadyrobust on input line 129.
LaTeX Info: Thecontrolsequence`\['isalreadyrobust on input line 129.
LaTeX Info: Thecontrolsequence`\]'isalreadyrobust on input line 129.
\g_MT_multlinerow_int=\count109
\l_MT_multwidth_dim=\dimen132
\origjot=\skip57
\l_MT_shortvdotswithinadjustabove_dim=\dimen133
\l_MT_shortvdotswithinadjustbelow_dim=\dimen134
\l_MT_above_intertext_sep=\dimen135
\l_MT_below_intertext_sep=\dimen136
\l_MT_above_shortintertext_sep=\dimen137
\l_MT_below_shortintertext_sep=\dimen138
)
(/usr/local/texlive/2017/texmf-dist/tex/latex/tools/bm.sty
Package: bm 2017/01/16 v1.2c Bold Symbol Support (DPC/FMi)
\symboldoperators=\mathgroup6
\symboldletters=\mathgroup7
\symboldsymbols=\mathgroup8
LaTeX Font Info:    Redeclaring math alphabet \mathbf on input line 141.
LaTeX Info: Redefining \bm on input line 207.
)
(/usr/local/texlive/2017/texmf-dist/tex/latex/psnfss/pifont.sty
Package: pifont 2005/04/12 PSNFSS-v9.2a Pi font support (SPQR) 
LaTeX Font Info:    Try loading font information for U+pzd on input line 63.

(/usr/local/texlive/2017/texmf-dist/tex/latex/psnfss/upzd.fd
File: upzd.fd 2001/06/04 font definitions for U/pzd.
)
LaTeX Font Info:    Try loading font information for U+psy on input line 64.

(/usr/local/texlive/2017/texmf-dist/tex/latex/psnfss/upsy.fd
File: upsy.fd 2001/06/04 font definitions for U/psy.
))
(/usr/local/texlive/2017/texmf-dist/tex/latex/stmaryrd/stmaryrd.sty
Package: stmaryrd 1994/03/03 St Mary's Road symbol package
\symstmry=\mathgroup9
LaTeX Font Info:    Overwriting symbol font `stmry' in version `bold'
(Font)                  U/stmry/m/n --> U/stmry/b/n on input line 89.
)
(/usr/local/texlive/2017/texmf-dist/tex/latex/tools/xspace.sty
Package: xspace 2014/10/28 v1.13 Space after command names (DPC,MH)
)
(/usr/local/texlive/2017/texmf-dist/tex/latex/enumitem/enumitem.sty
Package: enumitem 2011/09/28 v3.5.2 Customized lists
\labelindent=\skip58
\enit@outerparindent=\dimen139
\enit@toks=\toks32
\enit@inbox=\box28
\enitdp@description=\count110
)
(/usr/local/texlive/2017/texmf-dist/tex/latex/relsize/relsize.sty
Package: relsize 2013/03/29 ver 4.1
)
(/usr/local/texlive/2017/texmf-dist/tex/latex/csquotes/csquotes.sty
Package: csquotes 2017/03/11 v5.2b context-sensitive quotations (JAW)

(/usr/local/texlive/2017/texmf-dist/tex/latex/etoolbox/etoolbox.sty
Package: etoolbox 2017/01/02 v2.4 e-TeX tools for LaTeX (JAW)
\etb@tempcnta=\count111
)
\csq@reset=\count112
\csq@gtype=\count113
\csq@glevel=\count114
\csq@qlevel=\count115
\csq@maxlvl=\count116
\csq@tshold=\count117
\csq@ltx@everypar=\toks33

(/usr/local/texlive/2017/texmf-dist/tex/latex/csquotes/csquotes.def
File: csquotes.def 2017/03/11 v5.2b csquotes generic definitions (JAW)
)
Package csquotes Info: Trying to load configuration file 'csquotes.cfg'...
Package csquotes Info: ... configuration file loaded successfully.

(/usr/local/texlive/2017/texmf-dist/tex/latex/csquotes/csquotes.cfg
File: csquotes.cfg 
))
(/usr/local/texlive/2017/texmf-dist/tex/latex/oberdiek/letltxmacro.sty
Package: letltxmacro 2016/05/16 v1.5 Let assignment for LaTeX macros (HO)
)
(/usr/local/texlive/2017/texmf-dist/tex/generic/xstring/xstring.sty
(/usr/local/texlive/2017/texmf-dist/tex/generic/xstring/xstring.tex
\@xs@message=\write3
\integerpart=\count118
\decimalpart=\count119
)
Package: xstring 2013/10/13  v1.7c  String manipulations (C Tellechea)
)
\marginoriginal=\skip59

(/usr/local/texlive/2017/texmf-dist/tex/latex/geometry/geometry.sty
Package: geometry 2010/09/12 v5.6 Page Geometry

(/usr/local/texlive/2017/texmf-dist/tex/generic/oberdiek/ifpdf.sty
Package: ifpdf 2017/03/15 v3.2 Provides the ifpdf switch
)
(/usr/local/texlive/2017/texmf-dist/tex/generic/oberdiek/ifvtex.sty
Package: ifvtex 2016/05/16 v1.6 Detect VTeX and its facilities (HO)
Package ifvtex Info: VTeX not detected.
)
(/usr/local/texlive/2017/texmf-dist/tex/generic/ifxetex/ifxetex.sty
Package: ifxetex 2010/09/12 v0.6 Provides ifxetex conditional
)
\Gm@cnth=\count120
\Gm@cntv=\count121
\c@Gm@tempcnt=\count122
\Gm@bindingoffset=\dimen140
\Gm@wd@mp=\dimen141
\Gm@odd@mp=\dimen142
\Gm@even@mp=\dimen143
\Gm@layoutwidth=\dimen144
\Gm@layoutheight=\dimen145
\Gm@layouthoffset=\dimen146
\Gm@layoutvoffset=\dimen147
\Gm@dimlist=\toks34
)
(/usr/local/texlive/2017/texmf-dist/tex/latex/l3packages/xparse/xparse.sty
(/usr/local/texlive/2017/texmf-dist/tex/latex/l3kernel/expl3.sty
Package: expl3 2017/05/13 L3 programming layer (loader) 

(/usr/local/texlive/2017/texmf-dist/tex/latex/l3kernel/expl3-code.tex
Package: expl3 2017/05/13 L3 programming layer (code)
\c_max_int=\count123
\l_tmpa_int=\count124
\l_tmpb_int=\count125
\g_tmpa_int=\count126
\g_tmpb_int=\count127
\g__prg_map_int=\count128
\c_log_iow=\count129
\l_iow_line_count_int=\count130
\l__iow_line_target_int=\count131
\l__iow_one_indent_int=\count132
\l__iow_indent_int=\count133
\c_zero_dim=\dimen148
\c_max_dim=\dimen149
\l_tmpa_dim=\dimen150
\l_tmpb_dim=\dimen151
\g_tmpa_dim=\dimen152
\g_tmpb_dim=\dimen153
\c_zero_skip=\skip60
\c_max_skip=\skip61
\l_tmpa_skip=\skip62
\l_tmpb_skip=\skip63
\g_tmpa_skip=\skip64
\g_tmpb_skip=\skip65
\c_zero_muskip=\muskip11
\c_max_muskip=\muskip12
\l_tmpa_muskip=\muskip13
\l_tmpb_muskip=\muskip14
\g_tmpa_muskip=\muskip15
\g_tmpb_muskip=\muskip16
\l_keys_choice_int=\count134
\c__fp_leading_shift_int=\count135
\c__fp_middle_shift_int=\count136
\c__fp_trailing_shift_int=\count137
\c__fp_big_leading_shift_int=\count138
\c__fp_big_middle_shift_int=\count139
\c__fp_big_trailing_shift_int=\count140
\c__fp_Bigg_leading_shift_int=\count141
\c__fp_Bigg_middle_shift_int=\count142
\c__fp_Bigg_trailing_shift_int=\count143
\c__fp_rand_size_int=\count144
\c__fp_rand_four_int=\count145
\c__fp_rand_eight_int=\count146
\l__sort_length_int=\count147
\l__sort_min_int=\count148
\l__sort_top_int=\count149
\l__sort_max_int=\count150
\l__sort_true_max_int=\count151
\l__sort_block_int=\count152
\l__sort_begin_int=\count153
\l__sort_end_int=\count154
\l__sort_A_int=\count155
\l__sort_B_int=\count156
\l__sort_C_int=\count157
\c_empty_box=\box29
\l_tmpa_box=\box30
\l_tmpb_box=\box31
\g_tmpa_box=\box32
\g_tmpb_box=\box33
\l__box_top_dim=\dimen154
\l__box_bottom_dim=\dimen155
\l__box_left_dim=\dimen156
\l__box_right_dim=\dimen157
\l__box_top_new_dim=\dimen158
\l__box_bottom_new_dim=\dimen159
\l__box_left_new_dim=\dimen160
\l__box_right_new_dim=\dimen161
\l__box_internal_box=\box34
\l__coffin_internal_box=\box35
\l__coffin_internal_dim=\dimen162
\l__coffin_offset_x_dim=\dimen163
\l__coffin_offset_y_dim=\dimen164
\l__coffin_x_dim=\dimen165
\l__coffin_y_dim=\dimen166
\l__coffin_x_prime_dim=\dimen167
\l__coffin_y_prime_dim=\dimen168
\c_empty_coffin=\box36
\l__coffin_aligned_coffin=\box37
\l__coffin_aligned_internal_coffin=\box38
\l_tmpa_coffin=\box39
\l_tmpb_coffin=\box40
\l__coffin_display_coffin=\box41
\l__coffin_display_coord_coffin=\box42
\l__coffin_display_pole_coffin=\box43
\l__coffin_display_offset_dim=\dimen169
\l__coffin_display_x_dim=\dimen170
\l__coffin_display_y_dim=\dimen171
\l__coffin_bounding_shift_dim=\dimen172
\l__coffin_left_corner_dim=\dimen173
\l__coffin_right_corner_dim=\dimen174
\l__coffin_bottom_corner_dim=\dimen175
\l__coffin_top_corner_dim=\dimen176
\l__coffin_scaled_total_height_dim=\dimen177
\l__coffin_scaled_width_dim=\dimen178
)
(/usr/local/texlive/2017/texmf-dist/tex/latex/l3kernel/l3pdfmode.def
File: l3pdfmode.def 2017/03/18 v L3 Experimental driver: PDF mode
\l__driver_color_stack_int=\count158
\l__driver_tmp_box=\box44
))
Package: xparse 2017/05/13 L3 Experimental document command parser
\l__xparse_current_arg_int=\count159
\g__xparse_grabber_int=\count160
\l__xparse_m_args_int=\count161
\l__xparse_mandatory_args_int=\count162
\l__xparse_v_nesting_int=\count163
)
(/usr/local/texlive/2017/texmf-dist/tex/latex/hyperref/hyperref.sty
Package: hyperref 2017/03/14 v6.85a Hypertext links for LaTeX

(/usr/local/texlive/2017/texmf-dist/tex/generic/oberdiek/hobsub-hyperref.sty
Package: hobsub-hyperref 2016/05/16 v1.14 Bundle oberdiek, subset hyperref (HO)


(/usr/local/texlive/2017/texmf-dist/tex/generic/oberdiek/hobsub-generic.sty
Package: hobsub-generic 2016/05/16 v1.14 Bundle oberdiek, subset generic (HO)
Package: hobsub 2016/05/16 v1.14 Construct package bundles (HO)
Package hobsub Info: Skipping package `infwarerr' (already loaded).
Package hobsub Info: Skipping package `ltxcmds' (already loaded).
Package: ifluatex 2016/05/16 v1.4 Provides the ifluatex switch (HO)
Package ifluatex Info: LuaTeX not detected.
Package hobsub Info: Skipping package `ifvtex' (already loaded).
Package: intcalc 2016/05/16 v1.2 Expandable calculations with integers (HO)
Package hobsub Info: Skipping package `ifpdf' (already loaded).
Package: etexcmds 2016/05/16 v1.6 Avoid name clashes with e-TeX commands (HO)
Package etexcmds Info: Could not find \expanded.
(etexcmds)             That can mean that you are not using pdfTeX 1.50 or
(etexcmds)             that some package has redefined \expanded.
(etexcmds)             In the latter case, load this package earlier.
Package: kvsetkeys 2016/05/16 v1.17 Key value parser (HO)
Package: kvdefinekeys 2016/05/16 v1.4 Define keys (HO)
Package: pdftexcmds 2017/03/19 v0.25 Utility functions of pdfTeX for LuaTeX (HO
)
Package pdftexcmds Info: LuaTeX not detected.
Package pdftexcmds Info: \pdf@primitive is available.
Package pdftexcmds Info: \pdf@ifprimitive is available.
Package pdftexcmds Info: \pdfdraftmode found.
Package: pdfescape 2016/05/16 v1.14 Implements pdfTeX's escape features (HO)
Package: bigintcalc 2016/05/16 v1.4 Expandable calculations on big integers (HO
)
Package: bitset 2016/05/16 v1.2 Handle bit-vector datatype (HO)
Package: uniquecounter 2016/05/16 v1.3 Provide unlimited unique counter (HO)
)
Package hobsub Info: Skipping package `hobsub' (already loaded).
Package hobsub Info: Skipping package `letltxmacro' (already loaded).
Package: hopatch 2016/05/16 v1.3 Wrapper for package hooks (HO)
Package: xcolor-patch 2016/05/16 xcolor patch
Package: atveryend 2016/05/16 v1.9 Hooks at the very end of document (HO)
Package: atbegshi 2016/06/09 v1.18 At begin shipout hook (HO)
Package: refcount 2016/05/16 v3.5 Data extraction from label references (HO)
Package: hycolor 2016/05/16 v1.8 Color options for hyperref/bookmark (HO)
)
(/usr/local/texlive/2017/texmf-dist/tex/latex/oberdiek/auxhook.sty
Package: auxhook 2016/05/16 v1.4 Hooks for auxiliary files (HO)
)
(/usr/local/texlive/2017/texmf-dist/tex/latex/oberdiek/kvoptions.sty
Package: kvoptions 2016/05/16 v3.12 Key value format for package options (HO)
)
\@linkdim=\dimen179
\Hy@linkcounter=\count164
\Hy@pagecounter=\count165

(/usr/local/texlive/2017/texmf-dist/tex/latex/hyperref/pd1enc.def
File: pd1enc.def 2017/03/14 v6.85a Hyperref: PDFDocEncoding definition (HO)
)
\Hy@SavedSpaceFactor=\count166

(/usr/local/texlive/2017/texmf-dist/tex/latex/latexconfig/hyperref.cfg
File: hyperref.cfg 2002/06/06 v1.2 hyperref configuration of TeXLive
)
Package hyperref Info: Option `colorlinks' set `true' on input line 4374.
Package hyperref Info: Hyper figures OFF on input line 4498.
Package hyperref Info: Link nesting OFF on input line 4503.
Package hyperref Info: Hyper index ON on input line 4506.
Package hyperref Info: Plain pages OFF on input line 4513.
Package hyperref Info: Backreferencing OFF on input line 4518.
Package hyperref Info: Implicit mode ON; LaTeX internals redefined.
Package hyperref Info: Bookmarks ON on input line 4751.
\c@Hy@tempcnt=\count167

(/usr/local/texlive/2017/texmf-dist/tex/latex/url/url.sty
\Urlmuskip=\muskip17
Package: url 2013/09/16  ver 3.4  Verb mode for urls, etc.
)
LaTeX Info: Redefining \url on input line 5104.
\XeTeXLinkMargin=\dimen180
\Fld@menulength=\count168
\Field@Width=\dimen181
\Fld@charsize=\dimen182
Package hyperref Info: Hyper figures OFF on input line 6358.
Package hyperref Info: Link nesting OFF on input line 6363.
Package hyperref Info: Hyper index ON on input line 6366.
Package hyperref Info: backreferencing OFF on input line 6373.
Package hyperref Info: Link coloring ON on input line 6376.
Package hyperref Info: Link coloring with OCG OFF on input line 6383.
Package hyperref Info: PDF/A mode OFF on input line 6388.
LaTeX Info: Redefining \ref on input line 6428.
LaTeX Info: Redefining \pageref on input line 6432.
\Hy@abspage=\count169
\c@Item=\count170
\c@Hfootnote=\count171
)

Package hyperref Message: Driver: hpdftex.

(/usr/local/texlive/2017/texmf-dist/tex/latex/hyperref/hpdftex.def
File: hpdftex.def 2017/03/14 v6.85a Hyperref driver for pdfTeX
\Fld@listcount=\count172
\c@bookmark@seq@number=\count173

(/usr/local/texlive/2017/texmf-dist/tex/latex/oberdiek/rerunfilecheck.sty
Package: rerunfilecheck 2016/05/16 v1.8 Rerun checks for auxiliary files (HO)
Package uniquecounter Info: New unique counter `rerunfilecheck' on input line 2
82.
)
\Hy@SectionHShift=\skip66
))
(./templates/diderot.sty
.................................................
. LaTeX info: "xparse/define-environment"
. 
. Defining environment 'diderotfig' with sig. 'o' on line 40.
.................................................
\c@theorem=\count174
\c@definition=\count175
\c@example=\count176
\c@exercise=\count177
.................................................
. LaTeX info: "xparse/define-environment"
. 
. Defining environment 'flex' with sig. 'o' on line 163.
.................................................
.................................................
. LaTeX info: "xparse/define-environment"
. 
. Defining environment 'gram' with sig. 'o' on line 177.
.................................................
.................................................
. LaTeX info: "xparse/define-environment"
. 
. Defining environment 'preamble' with sig. 'o' on line 216.
.................................................
.................................................
. LaTeX info: "xparse/define-environment"
. 
. Defining environment 'proposition' with sig. 'o' on line 238.
.................................................
) (./templates/preamble.tex
\c@remark=\count178

(/usr/local/texlive/2017/texmf-dist/tex/latex/listings/listings.sty
\lst@mode=\count179
\lst@gtempboxa=\box45
\lst@token=\toks35
\lst@length=\count180
\lst@currlwidth=\dimen183
\lst@column=\count181
\lst@pos=\count182
\lst@lostspace=\dimen184
\lst@width=\dimen185
\lst@newlines=\count183
\lst@lineno=\count184
\lst@maxwidth=\dimen186

(/usr/local/texlive/2017/texmf-dist/tex/latex/listings/lstmisc.sty
File: lstmisc.sty 2015/06/04 1.6 (Carsten Heinz)
\c@lstnumber=\count185
\lst@skipnumbers=\count186
\lst@framebox=\box46
)
(/usr/local/texlive/2017/texmf-dist/tex/latex/listings/listings.cfg
File: listings.cfg 2015/06/04 1.6 listings configuration
))
Package: listings 2015/06/04 1.6 (Carsten Heinz)
)
Package csquotes Info: Checking for multilingual support...
Package csquotes Info: ... none found.

(./book.aux (./header.aux) (./probability/part.aux) (./probability/theory.aux)
(./probability/randomvars.aux) (./probability/expectation.aux)
(./graph-contraction/part.aux) (./graph-contraction/introduction.aux)
(./graph-contraction/edge.aux) (./graph-contraction/star.aux)
(./graph-contraction/connectivity.aux))
\openout1 = `book.aux'.

LaTeX Font Info:    Checking defaults for OML/cmm/m/it on input line 18.
LaTeX Font Info:    ... okay on input line 18.
LaTeX Font Info:    Checking defaults for T1/cmr/m/n on input line 18.
LaTeX Font Info:    ... okay on input line 18.
LaTeX Font Info:    Checking defaults for OT1/cmr/m/n on input line 18.
LaTeX Font Info:    ... okay on input line 18.
LaTeX Font Info:    Checking defaults for OMS/cmsy/m/n on input line 18.
LaTeX Font Info:    ... okay on input line 18.
LaTeX Font Info:    Checking defaults for OMX/cmex/m/n on input line 18.
LaTeX Font Info:    ... okay on input line 18.
LaTeX Font Info:    Checking defaults for U/cmr/m/n on input line 18.
LaTeX Font Info:    ... okay on input line 18.
LaTeX Font Info:    Checking defaults for PD1/pdf/m/n on input line 18.
LaTeX Font Info:    ... okay on input line 18.
LaTeX Font Info:    Try loading font information for OT1+ppl on input line 18.

(/usr/local/texlive/2017/texmf-dist/tex/latex/psnfss/ot1ppl.fd
File: ot1ppl.fd 2001/06/04 font definitions for OT1/ppl.
)
(/usr/local/texlive/2017/texmf-dist/tex/context/base/mkii/supp-pdf.mkii
[Loading MPS to PDF converter (version 2006.09.02).]
\scratchcounter=\count187
\scratchdimen=\dimen187
\scratchbox=\box47
\nofMPsegments=\count188
\nofMParguments=\count189
\everyMPshowfont=\toks36
\MPscratchCnt=\count190
\MPscratchDim=\dimen188
\MPnumerator=\count191
\makeMPintoPDFobject=\count192
\everyMPtoPDFconversion=\toks37
) (/usr/local/texlive/2017/texmf-dist/tex/latex/oberdiek/epstopdf-base.sty
Package: epstopdf-base 2016/05/15 v2.6 Base part for package epstopdf

(/usr/local/texlive/2017/texmf-dist/tex/latex/oberdiek/grfext.sty
Package: grfext 2016/05/16 v1.2 Manage graphics extensions (HO)
)
Package epstopdf-base Info: Redefining graphics rule for `.eps' on input line 4
38.
Package grfext Info: Graphics extension search list:
(grfext)             [.png,.pdf,.jpg,.mps,.jpeg,.jbig2,.jb2,.PNG,.PDF,.JPG,.JPE
G,.JBIG2,.JB2,.eps]
(grfext)             \AppendGraphicsExtensions on input line 456.

(/usr/local/texlive/2017/texmf-dist/tex/latex/latexconfig/epstopdf-sys.cfg
File: epstopdf-sys.cfg 2010/07/13 v1.3 Configuration of (r)epstopdf for TeX Liv
e
))
*geometry* driver: auto-detecting
*geometry* detected driver: pdftex
*geometry* verbose mode - [ preamble ] result:
* driver: pdftex
* paper: <default>
* layout: <same size as paper>
* layoutoffset:(h,v)=(0.0pt,0.0pt)
* modes: twoside 
* h-part:(L,W,R)=(108.405pt, 397.485pt, 108.405pt)
* v-part:(T,H,B)=(108.405pt, 578.15999pt, 108.405pt)
* \paperwidth=614.295pt
* \paperheight=794.96999pt
* \textwidth=397.485pt
* \textheight=578.15999pt
* \oddsidemargin=36.13501pt
* \evensidemargin=36.13501pt
* \topmargin=6.06752pt
* \headheight=12.0pt
* \headsep=18.06749pt
* \topskip=10.0pt
* \footskip=25.29494pt
* \marginparwidth=125.0pt
* \marginparsep=7.0pt
* \columnsep=10.0pt
* \skip\footins=9.0pt plus 4.0pt minus 2.0pt
* \hoffset=0.0pt
* \voffset=0.0pt
* \mag=1000
* \@twocolumnfalse
* \@twosidetrue
* \@mparswitchtrue
* \@reversemarginfalse
* (1in=72.27pt=25.4mm, 1cm=28.453pt)

\AtBeginShipoutBox=\box48
Package hyperref Info: Link coloring ON on input line 18.
(/usr/local/texlive/2017/texmf-dist/tex/latex/hyperref/nameref.sty
Package: nameref 2016/05/21 v2.44 Cross-referencing by name of section

(/usr/local/texlive/2017/texmf-dist/tex/generic/oberdiek/gettitlestring.sty
Package: gettitlestring 2016/05/16 v1.5 Cleanup title references (HO)
)
\c@section@level=\count193
)
LaTeX Info: Redefining \ref on input line 18.
LaTeX Info: Redefining \pageref on input line 18.
LaTeX Info: Redefining \nameref on input line 18.

(./book.out) (./book.out)
\@outlinefile=\write4
\openout4 = `book.out'.

\c@lstlisting=\count194
\openout2 = `header.aux'.

 (./header.tex
Package hyperref Info: Option `pageanchor' set `false' on input line 4.
LaTeX Font Info:    Try loading font information for U+msa on input line 6.

(/usr/local/texlive/2017/texmf-dist/tex/latex/amsfonts/umsa.fd
File: umsa.fd 2013/01/14 v3.01 AMS symbols A
)
LaTeX Font Info:    Try loading font information for U+msb on input line 6.

(/usr/local/texlive/2017/texmf-dist/tex/latex/amsfonts/umsb.fd
File: umsb.fd 2013/01/14 v3.01 AMS symbols B
)
LaTeX Font Info:    Try loading font information for U+stmry on input line 6.

(/usr/local/texlive/2017/texmf-dist/tex/latex/stmaryrd/Ustmry.fd) [1



{/usr/local/texlive/2017/texmf-var/fonts/map/pdftex/updmap/pdftex.map}]
LaTeX Font Info:    Try loading font information for OMS+ppl on input line 12.

(/usr/local/texlive/2017/texmf-dist/tex/latex/psnfss/omsppl.fd
File: omsppl.fd 
)
LaTeX Font Info:    Font shape `OMS/ppl/m/n' in size <10> not available
(Font)              Font shape `OMS/cmsy/m/n' tried instead on input line 12.

Underfull \hbox (badness 10000) in paragraph at lines 12--14

 []

[2]
LaTeX Font Info:    Font shape `OT1/ppl/bx/n' in size <24.88> not available
(Font)              Font shape `OT1/ppl/b/n' tried instead on input line 39.
 (./book.toc
LaTeX Font Info:    Font shape `OT1/ppl/bx/n' in size <12> not available
(Font)              Font shape `OT1/ppl/b/n' tried instead on input line 1.
LaTeX Font Info:    Font shape `OT1/ppl/bx/n' in size <10> not available
(Font)              Font shape `OT1/ppl/b/n' tried instead on input line 2.

Underfull \vbox (badness 6893) has occurred while \output is active []

 [3

])
\tf@toc=\write5
\openout5 = `book.toc'.


[4]
Package hyperref Info: Option `pageanchor' set `true' on input line 42.
)
\openout2 = `probability/part.aux'.

 (./probability/part.tex
LaTeX Font Info:    Font shape `OT1/ppl/bx/n' in size <20.74> not available
(Font)              Font shape `OT1/ppl/b/n' tried instead on input line 1.
 [1




] [2])
\openout2 = `probability/theory.aux'.

 (./probability/theory.tex
Chapter 1.
LaTeX Font Info:    Font shape `OT1/ppl/bx/n' in size <14.4> not available
(Font)              Font shape `OT1/ppl/b/n' tried instead on input line 13.
LaTeX Font Info:    Font shape `OT1/ppl/bx/it' in size <10> not available
(Font)              Font shape `OT1/ppl/b/it' tried instead on input line 20.
[3



] [4] [5] [6]
Overfull \hbox (0.9078pt too wide) in paragraph at lines 414--421
 []\OT1/ppl/b/n/10 Independence and Con-di-tional Prob-a-bil-ity. \OT1/ppl/m/n/
10 Re-call that $\OT1/cmr/bx/n/10 P [] \OT1/cmr/m/n/10 = []$ \OT1/ppl/m/n/10 wh
en $\OT1/cmr/bx/n/10 P [] \OML/cmm/m/it/10 >
 []

[7]) [8]
\openout2 = `probability/randomvars.aux'.

 (./probability/randomvars.tex
Chapter 2.
[9



] [10]

Package amsmath Warning: Foreign command \atopwithdelims;
(amsmath)                \frac or \genfrac should be used instead
(amsmath)                 on input line 227.

[11] [12]
Overfull \hbox (0.34148pt too wide) in paragraph at lines 397--405
 []\OT1/ppl/b/n/10 Conditional Prob-a-bil-ity Mass Func-tion. \OT1/ppl/m/n/10 S
ince ran-dom vari-ables closely cor-re-spond with
 []

[13]) [14]
\openout2 = `probability/expectation.aux'.

 (./probability/expectation.tex
Chapter 3.
[15



] [16] [17] [18]) [19]
\openout2 = `graph-contraction/part.aux'.

 (./graph-contraction/part.tex [20



] [21] [22])
\openout2 = `graph-contraction/introduction.aux'.


(./graph-contraction/introduction.tex
Chapter 4.

LaTeX Warning: Hyper reference `ch:graphs::bfs' on page 23 undefined on input l
ine 14.


LaTeX Warning: Hyper reference `ch:graphs::dfs' on page 23 undefined on input l
ine 21.


LaTeX Warning: Hyper reference `ch:shortest-paths:dijkstra' on page 23 undefine
d on input line 25.


LaTeX Warning: Hyper reference `ch:shortest-paths::bellman-ford' on page 23 und
efined on input line 28.


LaTeX Warning: Hyper reference `ch:shortest-paths::johnson' on page 23 undefine
d on input line 30.


LaTeX Warning: Hyper reference `ch:bg::graphs' on page 23 undefined on input li
ne 64.


LaTeX Warning: Hyper reference `def:bg::graphs::subgraph::vi' on page 23 undefi
ned on input line 101.

[23



]
LaTeX Font Info:    Try loading font information for OT1+pcr on input line 171.

 (/usr/local/texlive/2017/texmf-dist/tex/latex/psnfss/ot1pcr.fd
File: ot1pcr.fd 2001/06/04 font definitions for OT1/pcr.
)

LaTeX Warning: Hyper reference `def:bg::graphs::subgraph::vi' on page 24 undefi
ned on input line 179.


<./graph-contraction/media-introduction/contract-example3.jpg, id=353, 355.3275
pt x 218.8175pt>
File: ./graph-contraction/media-introduction/contract-example3.jpg Graphic file
 (type jpg)

<use ./graph-contraction/media-introduction/contract-example3.jpg>
Package pdftex.def Info: ./graph-contraction/media-introduction/contract-exampl
e3.jpg used on input line 182.
(pdftex.def)             Requested size: 144.54pt x 89.01125pt.
 [24 <./graph-contraction/media-introduction/contract-example3.jpg>]

LaTeX Warning: Hyper reference `ch:design::contraction' on page 25 undefined on
 input line 231.


Underfull \hbox (badness 10000) in paragraph at lines 285--288

 []

[25]
<./graph-contraction/media-introduction/contract-example5.jpg, id=374, 1292.83p
t x 297.11pt>
File: ./graph-contraction/media-introduction/contract-example5.jpg Graphic file
 (type jpg)

<use ./graph-contraction/media-introduction/contract-example5.jpg>
Package pdftex.def Info: ./graph-contraction/media-introduction/contract-exampl
e5.jpg used on input line 306.
(pdftex.def)             Requested size: 361.34999pt x 83.04062pt.

<./graph-contraction/media-introduction/graph-contraction-example-1.jpg, id=375
, 915.42pt x 594.22pt>
File: ./graph-contraction/media-introduction/graph-contraction-example-1.jpg Gr
aphic file (type jpg)

<use ./graph-contraction/media-introduction/graph-contraction-example-1.jpg>
Package pdftex.def Info: ./graph-contraction/media-introduction/graph-contracti
on-example-1.jpg used on input line 311.
(pdftex.def)             Requested size: 289.07999pt x 187.6427pt.

[26 <./graph-contraction/media-introduction/contract-example5.jpg> <./graph-con
traction/media-introduction/graph-contraction-example-1.jpg>]) [27]
\openout2 = `graph-contraction/edge.aux'.


(./graph-contraction/edge.tex [28



]
Chapter 5.

<./graph-contraction/media-edge/edge-partition-example-1.jpg, id=395, 384.43625
pt x 364.36125pt>
File: ./graph-contraction/media-edge/edge-partition-example-1.jpg Graphic file 
(type jpg)

<use ./graph-contraction/media-edge/edge-partition-example-1.jpg>
Package pdftex.def Info: ./graph-contraction/media-edge/edge-partition-example-
1.jpg used on input line 33.
(pdftex.def)             Requested size: 144.54pt x 136.9965pt.
 [29 <./graph-contraction/media-edge/edge-partition-example-1.jpg>]
Overfull \hbox (2.09119pt too wide) in paragraph at lines 90--94
 []\OT1/ppl/b/n/10 Algorithms for Max-i-mum Ver-tex Match-ing. \OT1/ppl/m/n/10 
Max-i-mum Ver-tex Match-ing is a well-studied
 []


<./graph-contraction/media-edge/matching-example.jpg, id=403, 293.095pt x 224.8
4pt>
File: ./graph-contraction/media-edge/matching-example.jpg Graphic file (type jp
g)
 <use ./graph-contraction/media-edge/matching-example.jpg>
Package pdftex.def Info: ./graph-contraction/media-edge/matching-example.jpg us
ed on input line 101.
(pdftex.def)             Requested size: 144.54pt x 110.8793pt.

<./graph-contraction/media-edge/matching-example-partitioned.jpg, id=404, 307.1
475pt x 214.8025pt>
File: ./graph-contraction/media-edge/matching-example-partitioned.jpg Graphic f
ile (type jpg)

<use ./graph-contraction/media-edge/matching-example-partitioned.jpg>
Package pdftex.def Info: ./graph-contraction/media-edge/matching-example-partit
ioned.jpg used on input line 103.
(pdftex.def)             Requested size: 144.54pt x 101.085pt.
 [30 <./graph-contraction/media-edge/matching-example.jpg> <./graph-contraction
/media-edge/matching-example-partitioned.jpg>]
<./graph-contraction/media-edge/vertex-matching-randomized.jpg, id=416, 157.588
75pt x 109.40875pt>
File: ./graph-contraction/media-edge/vertex-matching-randomized.jpg Graphic fil
e (type jpg)

<use ./graph-contraction/media-edge/vertex-matching-randomized.jpg>
Package pdftex.def Info: ./graph-contraction/media-edge/vertex-matching-randomi
zed.jpg used on input line 212.
(pdftex.def)             Requested size: 144.54pt x 100.35507pt.
 [31 <./graph-contraction/media-edge/vertex-matching-randomized.jpg>]
<./graph-contraction/media-edge/cycle-graph.jpg, id=429, 295.1025pt x 301.125pt
>
File: ./graph-contraction/media-edge/cycle-graph.jpg Graphic file (type jpg)
 <use ./graph-contraction/media-edge/cycle-graph.jpg>
Package pdftex.def Info: ./graph-contraction/media-edge/cycle-graph.jpg used on
 input line 253.
(pdftex.def)             Requested size: 108.405pt x 110.615pt.
 [32 <./graph-contraction/media-edge/cycle-graph.jpg>]
<./graph-contraction/media-edge/edge-contraction-example.jpg, id=442, 355.3275p
t x 270.00874pt>
File: ./graph-contraction/media-edge/edge-contraction-example.jpg Graphic file 
(type jpg)

<use ./graph-contraction/media-edge/edge-contraction-example.jpg>
Package pdftex.def Info: ./graph-contraction/media-edge/edge-contraction-exampl
e.jpg used on input line 371.
(pdftex.def)             Requested size: 361.34999pt x 274.59361pt.

Underfull \vbox (badness 4254) has occurred while \output is active []

 [33]

LaTeX Warning: Hyper reference `ch:randomization::select' on page 34 undefined 
on input line 388.

) [34 <./graph-contraction/media-edge/edge-contraction-example.jpg>]
\openout2 = `graph-contraction/star.aux'.


(./graph-contraction/star.tex
Chapter 6.

<./graph-contraction/media-star/star-graph1.jpg, id=466, 206.7725pt x 206.7725p
t>
File: ./graph-contraction/media-star/star-graph1.jpg Graphic file (type jpg)
 <use ./graph-contraction/media-star/star-graph1.jpg>
Package pdftex.def Info: ./graph-contraction/media-star/star-graph1.jpg used on
 input line 44.
(pdftex.def)             Requested size: 108.405pt x 108.40573pt.
 [35



 <./graph-contraction/media-star/star-graph1.jpg>]
<./graph-contraction/media-star/star-decomposition-1.jpg, id=474, 1473.505pt x 
501.875pt>
File: ./graph-contraction/media-star/star-decomposition-1.jpg Graphic file (typ
e jpg)
 <use ./graph-contraction/media-star/star-decomposition-1.jpg>
Package pdftex.def Info: ./graph-contraction/media-star/star-decomposition-1.jp
g used on input line 76.
(pdftex.def)             Requested size: 357.73407pt x 121.83855pt.

[36 <./graph-contraction/media-star/star-decomposition-1.jpg>]
<./graph-contraction/media-star/star-find0.jpg, id=483, 629.35126pt x 178.6675p
t>
File: ./graph-contraction/media-star/star-find0.jpg Graphic file (type jpg)
 <use ./graph-contraction/media-star/star-find0.jpg>
Package pdftex.def Info: ./graph-contraction/media-star/star-find0.jpg used on 
input line 169.
(pdftex.def)             Requested size: 433.62pt x 123.10077pt.

Overfull \hbox (36.135pt too wide) in paragraph at lines 169--170
 [] 
 []

[37 <./graph-contraction/media-star/star-find0.jpg>]
File: ./graph-contraction/media-star/star-find0.jpg Graphic file (type jpg)

<use ./graph-contraction/media-star/star-find0.jpg>
Package pdftex.def Info: ./graph-contraction/media-star/star-find0.jpg used on 
input line 295.
(pdftex.def)             Requested size: 433.62pt x 123.10077pt.

Overfull \hbox (36.135pt too wide) in paragraph at lines 295--296
 [] 
 []


Underfull \vbox (badness 10000) has occurred while \output is active []

 [38]
Overfull \hbox (8.87085pt too wide) in paragraph at lines 316--327
\OT1/ppl/m/n/10 one el-e-ment for each key in the do-main. Now for all re-main-
ing ver-tices $\OML/cmm/m/it/10 V[] \OT1/cmr/m/n/10 = \OML/cmm/m/it/10 V \OMS/c
msy/m/n/10 n []\OT1/cmr/m/n/10 (\OML/cmm/m/it/10 P\OT1/cmr/m/n/10 ) =
 []


LaTeX Warning: Hyper reference `sec:graphs:graphs::edgesets' on page 39 undefin
ed on input line 357.

[39] [40]
Overfull \hbox (17.17046pt too wide) in paragraph at lines 502--507
[][]\OT1/ppl/b/n/10 Algorithm 6.5 \OT1/ppl/m/n/10 (Star Con-trac-tion)\OT1/ppl/
b/n/10 . []\OT1/ppl/m/n/10 The pseudo-code be-low gives a higher-order star-con
traction
 []

[41] [42]) [43]
\openout2 = `graph-contraction/connectivity.aux'.

 (./graph-contraction/connectivity.tex [44



]
Chapter 7.

<./graph-contraction/media-connectivity/contract-example1.jpg, id=539, 293.095p
t x 224.84pt>
File: ./graph-contraction/media-connectivity/contract-example1.jpg Graphic file
 (type jpg)

<use ./graph-contraction/media-connectivity/contract-example1.jpg>
Package pdftex.def Info: ./graph-contraction/media-connectivity/contract-exampl
e1.jpg used on input line 42.
(pdftex.def)             Requested size: 144.54pt x 110.8793pt.
 [45 <./graph-contraction/media-connectivity/contract-example1.jpg>] [46]
<./graph-contraction/media-connectivity/graph-contraction-example-1.jpg, id=554
, 915.42pt x 594.22pt>
File: ./graph-contraction/media-connectivity/graph-contraction-example-1.jpg Gr
aphic file (type jpg)

<use ./graph-contraction/media-connectivity/graph-contraction-example-1.jpg>
Package pdftex.def Info: ./graph-contraction/media-connectivity/graph-contracti
on-example-1.jpg used on input line 182.
(pdftex.def)             Requested size: 289.07999pt x 187.6427pt.

Overfull \hbox (4.73279pt too wide) in paragraph at lines 222--225
[][]\OT1/ppl/b/n/10 Exercise 7.1. []\OT1/ppl/m/n/10 Ex-press $[]$ in terms of h
igher or-der func-tion $[]$
 []

[47 <./graph-contraction/media-connectivity/graph-contraction-example-1.jpg>]
File: ./graph-contraction/media-connectivity/contract-example1.jpg Graphic file
 (type jpg)

<use ./graph-contraction/media-connectivity/contract-example1.jpg>
Package pdftex.def Info: ./graph-contraction/media-connectivity/contract-exampl
e1.jpg used on input line 288.
(pdftex.def)             Requested size: 144.54pt x 110.8793pt.
File: ./graph-contraction/media-connectivity/contract-example1.jpg Graphic file
 (type jpg)

<use ./graph-contraction/media-connectivity/contract-example1.jpg>
Package pdftex.def Info: ./graph-contraction/media-connectivity/contract-exampl
e1.jpg used on input line 314.
(pdftex.def)             Requested size: 144.54pt x 110.8793pt.
 [48]
Overfull \hbox (4.73279pt too wide) in paragraph at lines 389--392
[][]\OT1/ppl/b/n/10 Exercise 7.2. []\OT1/ppl/m/n/10 Ex-press $[]$ in terms of h
igher or-der func-tion $[]$
 []

) [49]
Package atveryend Info: Empty hook `BeforeClearDocument' on input line 33.
Package atveryend Info: Empty hook `AfterLastShipout' on input line 33.
 (./book.aux (./header.aux) (./probability/part.aux)
(./probability/theory.aux) (./probability/randomvars.aux)
(./probability/expectation.aux) (./graph-contraction/part.aux)
(./graph-contraction/introduction.aux) (./graph-contraction/edge.aux)
(./graph-contraction/star.aux) (./graph-contraction/connectivity.aux))
Package atveryend Info: Executing hook `AtVeryEndDocument' on input line 33.
Package atveryend Info: Executing hook `AtEndAfterFileList' on input line 33.
Package rerunfilecheck Info: File `book.out' has not changed.
(rerunfilecheck)             Checksum: C88B4B5624C52E956FCE7F23C2890D95;2305.


LaTeX Warning: There were undefined references.

 ) 
Here is how much of TeX's memory you used:
 19146 strings out of 492995
 325055 string characters out of 6132704
 417756 words of memory out of 5000000
 22146 multiletter control sequences out of 15000+600000
 33806 words of font info for 101 fonts, out of 8000000 for 9000
 1141 hyphenation exceptions out of 8191
 42i,16n,37p,10390b,616s stack positions out of 5000i,500n,10000p,200000b,80000s
{/usr/local/texlive/2017/texmf-dist/fonts/enc/dvips/base/8r.enc}</usr/local/t
exlive/2017/texmf-dist/fonts/type1/public/amsfonts/cm/cmbx10.pfb></usr/local/te
xlive/2017/texmf-dist/fonts/type1/public/amsfonts/cm/cmbx7.pfb></usr/local/texl
ive/2017/texmf-dist/fonts/type1/public/amsfonts/cm/cmex10.pfb></usr/local/texli
ve/2017/texmf-dist/fonts/type1/public/amsfonts/cm/cmmi10.pfb></usr/local/texliv
e/2017/texmf-dist/fonts/type1/public/amsfonts/cm/cmmi5.pfb></usr/local/texlive/
2017/texmf-dist/fonts/type1/public/amsfonts/cm/cmmi7.pfb></usr/local/texlive/20
17/texmf-dist/fonts/type1/public/amsfonts/cm/cmr10.pfb></usr/local/texlive/2017
/texmf-dist/fonts/type1/public/amsfonts/cm/cmr5.pfb></usr/local/texlive/2017/te
xmf-dist/fonts/type1/public/amsfonts/cm/cmr7.pfb></usr/local/texlive/2017/texmf
-dist/fonts/type1/public/amsfonts/cm/cmsy10.pfb></usr/local/texlive/2017/texmf-
dist/fonts/type1/public/amsfonts/cm/cmsy7.pfb></usr/local/texlive/2017/texmf-di
st/fonts/type1/public/amsfonts/cm/cmti10.pfb></usr/local/texlive/2017/texmf-dis
t/fonts/type1/public/amsfonts/cm/cmti7.pfb></usr/local/texlive/2017/texmf-dist/
fonts/type1/public/amsfonts/symbols/msbm10.pfb></usr/local/texlive/2017/texmf-d
ist/fonts/type1/urw/courier/ucrr8a.pfb></usr/local/texlive/2017/texmf-dist/font
s/type1/urw/palatino/uplb8a.pfb></usr/local/texlive/2017/texmf-dist/fonts/type1
/urw/palatino/uplbi8a.pfb></usr/local/texlive/2017/texmf-dist/fonts/type1/urw/p
alatino/uplr8a.pfb></usr/local/texlive/2017/texmf-dist/fonts/type1/urw/palatino
/uplr8a.pfb></usr/local/texlive/2017/texmf-dist/fonts/type1/urw/palatino/uplri8
a.pfb>
Output written on book.pdf (53 pages, 1194733 bytes).
PDF statistics:
 698 PDF objects out of 1000 (max. 8388607)
 602 compressed objects within 7 object streams
 202 named destinations out of 1000 (max. 500000)
 351 words of extra memory for PDF output out of 10000 (max. 10000000)

