\BOOKMARK [-1][-]{part.1}{I Probability}{}% 1
\BOOKMARK [0][-]{chapter.1}{Probability Theory}{part.1}% 2
\BOOKMARK [1][-]{section.1.1}{Probability Spaces}{chapter.1}% 3
\BOOKMARK [1][-]{section.1.2}{Properties of Probability Spaces}{chapter.1}% 4
\BOOKMARK [2][-]{subsection.1.2.1}{The Union Bound}{section.1.2}% 5
\BOOKMARK [2][-]{subsection.1.2.2}{Conditional Probability}{section.1.2}% 6
\BOOKMARK [2][-]{subsection.1.2.3}{Law of Total Probability}{section.1.2}% 7
\BOOKMARK [2][-]{subsection.1.2.4}{Independence}{section.1.2}% 8
\BOOKMARK [0][-]{chapter.2}{Random Variables}{part.1}% 9
\BOOKMARK [1][-]{section.2.1}{Probability Mass Function}{chapter.2}% 10
\BOOKMARK [1][-]{section.2.2}{Bernoulli, Binomial, and Geometric RVs}{chapter.2}% 11
\BOOKMARK [1][-]{section.2.3}{Functions of Random Variables}{chapter.2}% 12
\BOOKMARK [1][-]{section.2.4}{Conditioning}{chapter.2}% 13
\BOOKMARK [1][-]{section.2.5}{Independence}{chapter.2}% 14
\BOOKMARK [0][-]{chapter.3}{Expectation}{part.1}% 15
\BOOKMARK [1][-]{section.3.1}{Definitions}{chapter.3}% 16
\BOOKMARK [1][-]{section.3.2}{Markov's Inequality}{chapter.3}% 17
\BOOKMARK [1][-]{section.3.3}{Composing Expectations}{chapter.3}% 18
\BOOKMARK [1][-]{section.3.4}{Linearity of Expectations}{chapter.3}% 19
\BOOKMARK [1][-]{section.3.5}{Conditional Expectation}{chapter.3}% 20
